The files belonging to this database system will be owned by user "tom".
This user must also own the server process.

The database cluster will be initialized with locale "en_US.UTF-8".
The default database encoding has accordingly been set to "UTF8".
The default text search configuration will be set to "english".

Data page checksums are disabled.

creating directory /home/tom/lms/1.2/dynweb/website-practice/data/postgresqlite/pgdata ... ok
creating subdirectories ... ok
selecting dynamic shared memory implementation ... posix
selecting default max_connections ... 100
selecting default shared_buffers ... 128MB
selecting default time zone ... Europe/Amsterdam
creating configuration files ... ok
running bootstrap script ... ok
performing post-bootstrap initialization ... ok
syncing data to disk ... ok

initdb: warning: enabling "trust" authentication for local connections
You can change this by editing pg_hba.conf or using the option -A, or
--auth-local and --auth-host, the next time you run initdb.

Success. You can now start the database server using:

    /home/tom/.cache/postgresqlite/14.3/bin/pg_ctl -D /home/tom/lms/1.2/dynweb/website-practice/data/postgresqlite/pgdata -l logfile start

PostgreSQL daemon is starting..
2023-07-03 14:04:48.445 CEST [28079] LOG:  starting PostgreSQL 14.3 on x86_64-pc-linux-gnu, compiled by gcc (GCC) 12.1.0, 64-bit
2023-07-03 14:04:48.446 CEST [28079] LOG:  listening on IPv6 address "::1", port 35011
2023-07-03 14:04:48.446 CEST [28079] LOG:  listening on IPv4 address "127.0.0.1", port 35011
2023-07-03 14:04:48.451 CEST [28079] LOG:  listening on Unix socket "/tmp/postgresqlite-jmSjjAtb/.s.PGSQL.35011"
2023-07-03 14:04:48.462 CEST [28081] LOG:  database system was shut down at 2023-07-03 14:04:47 CEST
2023-07-03 14:04:48.469 CEST [28079] LOG:  database system is ready to accept connections
PostgreSQLite now has 1 client(s)
PostgreSQLite now has 2 client(s)
PostgreSQLite removed /home/tom/lms/1.2/dynweb/website-practice/data/postgresqlite/locks/QnkcIDkfJhpg as it was no longer locked
PostgreSQLite now has 1 client(s)
PostgreSQLite now has 2 client(s)
PostgreSQLite removed /home/tom/lms/1.2/dynweb/website-practice/data/postgresqlite/locks/GTUMSviCnSfl as it was no longer locked
PostgreSQLite now has 1 client(s)
PostgreSQLite now has 2 client(s)
PostgreSQLite removed /home/tom/lms/1.2/dynweb/website-practice/data/postgresqlite/locks/zZuVCGlYyGuL as it was no longer locked
PostgreSQLite now has 1 client(s)
PostgreSQLite now has 2 client(s)
PostgreSQLite removed /home/tom/lms/1.2/dynweb/website-practice/data/postgresqlite/locks/xdsfECPLJmgv as it was no longer locked
PostgreSQLite now has 1 client(s)
PostgreSQLite now has 2 client(s)
PostgreSQLite removed /home/tom/lms/1.2/dynweb/website-practice/data/postgresqlite/locks/ptQrnIDGvPsI as it was no longer locked
PostgreSQLite now has 1 client(s)
PostgreSQLite now has 2 client(s)
